<?xml version="1.0" encoding="UTF-8"?>
<Site BuildName="(empty)"
	BuildStamp="20230726-0402-Experimental"
	Name="chenlideUbuntu"
	Generator="ctest-3.26.3"
	CompilerName="/usr/bin/g++"
	CompilerVersion="9.4.0"
	OSName="Linux"
	Hostname="chenlideUbuntu"
	OSRelease="5.15.0-78-generic"
	OSVersion="#85~20.04.1-Ubuntu SMP Mon Jul 17 09:42:39 UTC 2023"
	OSPlatform="x86_64"
	Is64Bits="1"
	VendorString="GenuineIntel"
	VendorID="Intel Corporation"
	FamilyID="6"
	ModelID="78"
	ProcessorCacheSize="3072"
	NumberOfLogicalCPU="4"
	NumberOfPhysicalCPU="2"
	TotalVirtualMemory="7812"
	TotalPhysicalMemory="11849"
	LogicalProcessorsPerPhysical="2"
	ProcessorClockFrequency="2714.6"
	>
	<Testing>
		<StartDateTime>Jul 26 16:57 CST</StartDateTime>
		<StartTestTime>1690361871</StartTestTime>
		<TestList/>
		<EndDateTime>Jul 26 16:57 CST</EndDateTime>
		<EndTestTime>1690361871</EndTestTime>
		<ElapsedMinutes>0</ElapsedMinutes>
	</Testing>
</Site>
